mode: set
github.com/SahilMahale/notes-backend/internal/db/db.go:14.46,16.16 2 0
github.com/SahilMahale/notes-backend/internal/db/db.go:16.16,18.3 1 0
github.com/SahilMahale/notes-backend/internal/db/db.go:19.2,21.34 3 0
github.com/SahilMahale/notes-backend/cmd/main.go:13.13,16.16 3 0
github.com/SahilMahale/notes-backend/cmd/main.go:16.16,17.13 1 0
github.com/SahilMahale/notes-backend/cmd/main.go:19.2,22.23 3 0
github.com/SahilMahale/notes-backend/cmd/main.go:22.23,24.3 1 0
github.com/SahilMahale/notes-backend/cmd/main.go:25.2,27.34 3 0
github.com/SahilMahale/notes-backend/internal/helper/helper.go:18.89,22.2 3 0
github.com/SahilMahale/notes-backend/internal/helper/helper.go:24.82,27.2 2 0
github.com/SahilMahale/notes-backend/internal/helper/helper.go:29.41,30.43 1 0
github.com/SahilMahale/notes-backend/internal/helper/helper.go:30.43,35.3 1 0
github.com/SahilMahale/notes-backend/internal/helper/helper.go:35.8,35.51 1 0
github.com/SahilMahale/notes-backend/internal/helper/helper.go:35.51,40.3 1 0
github.com/SahilMahale/notes-backend/internal/helper/helper.go:40.8,40.61 1 0
github.com/SahilMahale/notes-backend/internal/helper/helper.go:40.61,41.63 1 0
github.com/SahilMahale/notes-backend/internal/helper/helper.go:41.63,46.4 1 0
github.com/SahilMahale/notes-backend/internal/helper/helper.go:47.3,50.4 1 0
github.com/SahilMahale/notes-backend/internal/helper/helper.go:51.8,51.64 1 0
github.com/SahilMahale/notes-backend/internal/helper/helper.go:51.64,56.3 1 0
github.com/SahilMahale/notes-backend/internal/helper/helper.go:56.8,56.57 1 0
github.com/SahilMahale/notes-backend/internal/helper/helper.go:56.57,61.3 1 0
github.com/SahilMahale/notes-backend/internal/helper/helper.go:61.8,66.3 1 0
github.com/SahilMahale/notes-backend/internal/mocks/NotesOps.go:18.89,21.19 2 0
github.com/SahilMahale/notes-backend/internal/mocks/NotesOps.go:21.19,22.52 1 0
github.com/SahilMahale/notes-backend/internal/mocks/NotesOps.go:25.2,27.83 3 0
github.com/SahilMahale/notes-backend/internal/mocks/NotesOps.go:27.83,29.3 1 0
github.com/SahilMahale/notes-backend/internal/mocks/NotesOps.go:30.2,30.60 1 0
github.com/SahilMahale/notes-backend/internal/mocks/NotesOps.go:30.60,32.3 1 0
github.com/SahilMahale/notes-backend/internal/mocks/NotesOps.go:32.8,34.3 1 0
github.com/SahilMahale/notes-backend/internal/mocks/NotesOps.go:36.2,36.73 1 0
github.com/SahilMahale/notes-backend/internal/mocks/NotesOps.go:36.73,38.3 1 0
github.com/SahilMahale/notes-backend/internal/mocks/NotesOps.go:38.8,40.3 1 0
github.com/SahilMahale/notes-backend/internal/mocks/NotesOps.go:42.2,42.15 1 0
github.com/SahilMahale/notes-backend/internal/mocks/NotesOps.go:46.67,49.19 2 0
github.com/SahilMahale/notes-backend/internal/mocks/NotesOps.go:49.19,50.52 1 0
github.com/SahilMahale/notes-backend/internal/mocks/NotesOps.go:53.2,54.65 2 0
github.com/SahilMahale/notes-backend/internal/mocks/NotesOps.go:54.65,56.3 1 0
github.com/SahilMahale/notes-backend/internal/mocks/NotesOps.go:56.8,58.3 1 0
github.com/SahilMahale/notes-backend/internal/mocks/NotesOps.go:60.2,60.11 1 0
github.com/SahilMahale/notes-backend/internal/mocks/NotesOps.go:64.75,67.19 2 0
github.com/SahilMahale/notes-backend/internal/mocks/NotesOps.go:67.19,68.53 1 0
github.com/SahilMahale/notes-backend/internal/mocks/NotesOps.go:71.2,73.79 3 0
github.com/SahilMahale/notes-backend/internal/mocks/NotesOps.go:73.79,75.3 1 0
github.com/SahilMahale/notes-backend/internal/mocks/NotesOps.go:76.2,76.56 1 0
github.com/SahilMahale/notes-backend/internal/mocks/NotesOps.go:76.56,78.3 1 0
github.com/SahilMahale/notes-backend/internal/mocks/NotesOps.go:78.8,79.24 1 0
github.com/SahilMahale/notes-backend/internal/mocks/NotesOps.go:79.24,81.4 1 0
github.com/SahilMahale/notes-backend/internal/mocks/NotesOps.go:84.2,84.59 1 0
github.com/SahilMahale/notes-backend/internal/mocks/NotesOps.go:84.59,86.3 1 0
github.com/SahilMahale/notes-backend/internal/mocks/NotesOps.go:86.8,88.3 1 0
github.com/SahilMahale/notes-backend/internal/mocks/NotesOps.go:90.2,90.15 1 0
github.com/SahilMahale/notes-backend/internal/mocks/NotesOps.go:94.83,97.19 2 0
github.com/SahilMahale/notes-backend/internal/mocks/NotesOps.go:97.19,98.49 1 0
github.com/SahilMahale/notes-backend/internal/mocks/NotesOps.go:101.2,103.84 3 0
github.com/SahilMahale/notes-backend/internal/mocks/NotesOps.go:103.84,105.3 1 0
github.com/SahilMahale/notes-backend/internal/mocks/NotesOps.go:106.2,106.61 1 0
github.com/SahilMahale/notes-backend/internal/mocks/NotesOps.go:106.61,108.3 1 0
github.com/SahilMahale/notes-backend/internal/mocks/NotesOps.go:108.8,110.3 1 0
github.com/SahilMahale/notes-backend/internal/mocks/NotesOps.go:112.2,112.65 1 0
github.com/SahilMahale/notes-backend/internal/mocks/NotesOps.go:112.65,114.3 1 0
github.com/SahilMahale/notes-backend/internal/mocks/NotesOps.go:114.8,116.3 1 0
github.com/SahilMahale/notes-backend/internal/mocks/NotesOps.go:118.2,118.15 1 0
github.com/SahilMahale/notes-backend/internal/mocks/NotesOps.go:122.117,125.19 2 0
github.com/SahilMahale/notes-backend/internal/mocks/NotesOps.go:125.19,126.52 1 0
github.com/SahilMahale/notes-backend/internal/mocks/NotesOps.go:129.2,131.114 3 0
github.com/SahilMahale/notes-backend/internal/mocks/NotesOps.go:131.114,133.3 1 0
github.com/SahilMahale/notes-backend/internal/mocks/NotesOps.go:134.2,134.91 1 0
github.com/SahilMahale/notes-backend/internal/mocks/NotesOps.go:134.91,136.3 1 0
github.com/SahilMahale/notes-backend/internal/mocks/NotesOps.go:136.8,138.3 1 0
github.com/SahilMahale/notes-backend/internal/mocks/NotesOps.go:140.2,140.90 1 0
github.com/SahilMahale/notes-backend/internal/mocks/NotesOps.go:140.90,142.3 1 0
github.com/SahilMahale/notes-backend/internal/mocks/NotesOps.go:142.8,144.3 1 0
github.com/SahilMahale/notes-backend/internal/mocks/NotesOps.go:146.2,146.15 1 0
github.com/SahilMahale/notes-backend/internal/mocks/NotesOps.go:154.14,158.19 3 0
github.com/SahilMahale/notes-backend/internal/mocks/NotesOps.go:158.19,158.49 1 0
github.com/SahilMahale/notes-backend/internal/mocks/NotesOps.go:160.2,160.13 1 0
github.com/SahilMahale/notes-backend/internal/mocks/UserOps.go:16.95,19.19 2 0
github.com/SahilMahale/notes-backend/internal/mocks/UserOps.go:19.19,20.52 1 0
github.com/SahilMahale/notes-backend/internal/mocks/UserOps.go:23.2,24.81 2 0
github.com/SahilMahale/notes-backend/internal/mocks/UserOps.go:24.81,26.3 1 0
github.com/SahilMahale/notes-backend/internal/mocks/UserOps.go:26.8,28.3 1 0
github.com/SahilMahale/notes-backend/internal/mocks/UserOps.go:30.2,30.11 1 0
github.com/SahilMahale/notes-backend/internal/mocks/UserOps.go:34.81,37.19 2 0
github.com/SahilMahale/notes-backend/internal/mocks/UserOps.go:37.19,38.52 1 0
github.com/SahilMahale/notes-backend/internal/mocks/UserOps.go:41.2,42.73 2 0
github.com/SahilMahale/notes-backend/internal/mocks/UserOps.go:42.73,44.3 1 0
github.com/SahilMahale/notes-backend/internal/mocks/UserOps.go:44.8,46.3 1 0
github.com/SahilMahale/notes-backend/internal/mocks/UserOps.go:48.2,48.11 1 0
github.com/SahilMahale/notes-backend/internal/mocks/UserOps.go:52.66,55.19 2 0
github.com/SahilMahale/notes-backend/internal/mocks/UserOps.go:55.19,56.53 1 0
github.com/SahilMahale/notes-backend/internal/mocks/UserOps.go:59.2,61.71 3 0
github.com/SahilMahale/notes-backend/internal/mocks/UserOps.go:61.71,63.3 1 0
github.com/SahilMahale/notes-backend/internal/mocks/UserOps.go:64.2,64.48 1 0
github.com/SahilMahale/notes-backend/internal/mocks/UserOps.go:64.48,66.3 1 0
github.com/SahilMahale/notes-backend/internal/mocks/UserOps.go:66.8,67.24 1 0
github.com/SahilMahale/notes-backend/internal/mocks/UserOps.go:67.24,69.4 1 0
github.com/SahilMahale/notes-backend/internal/mocks/UserOps.go:72.2,72.59 1 0
github.com/SahilMahale/notes-backend/internal/mocks/UserOps.go:72.59,74.3 1 0
github.com/SahilMahale/notes-backend/internal/mocks/UserOps.go:74.8,76.3 1 0
github.com/SahilMahale/notes-backend/internal/mocks/UserOps.go:78.2,78.15 1 0
github.com/SahilMahale/notes-backend/internal/mocks/UserOps.go:82.88,85.19 2 0
github.com/SahilMahale/notes-backend/internal/mocks/UserOps.go:85.19,86.51 1 0
github.com/SahilMahale/notes-backend/internal/mocks/UserOps.go:89.2,91.81 3 0
github.com/SahilMahale/notes-backend/internal/mocks/UserOps.go:91.81,93.3 1 0
github.com/SahilMahale/notes-backend/internal/mocks/UserOps.go:94.2,94.58 1 0
github.com/SahilMahale/notes-backend/internal/mocks/UserOps.go:94.58,96.3 1 0
github.com/SahilMahale/notes-backend/internal/mocks/UserOps.go:96.8,98.3 1 0
github.com/SahilMahale/notes-backend/internal/mocks/UserOps.go:100.2,100.73 1 0
github.com/SahilMahale/notes-backend/internal/mocks/UserOps.go:100.73,102.3 1 0
github.com/SahilMahale/notes-backend/internal/mocks/UserOps.go:102.8,104.3 1 0
github.com/SahilMahale/notes-backend/internal/mocks/UserOps.go:106.2,106.15 1 0
github.com/SahilMahale/notes-backend/internal/mocks/UserOps.go:114.13,118.19 3 0
github.com/SahilMahale/notes-backend/internal/mocks/UserOps.go:118.19,118.49 1 0
github.com/SahilMahale/notes-backend/internal/mocks/UserOps.go:120.2,120.13 1 0
github.com/SahilMahale/notes-backend/internal/user/user.go:23.63,27.2 1 0
github.com/SahilMahale/notes-backend/internal/user/user.go:29.90,32.16 3 0
github.com/SahilMahale/notes-backend/internal/user/user.go:32.16,37.3 1 0
github.com/SahilMahale/notes-backend/internal/user/user.go:38.2,40.61 2 0
github.com/SahilMahale/notes-backend/internal/user/user.go:40.61,43.3 2 0
github.com/SahilMahale/notes-backend/internal/user/user.go:44.2,46.3 1 0
github.com/SahilMahale/notes-backend/internal/user/user.go:49.90,53.22 3 0
github.com/SahilMahale/notes-backend/internal/user/user.go:53.22,56.3 2 0
github.com/SahilMahale/notes-backend/internal/user/user.go:57.2,58.16 2 0
github.com/SahilMahale/notes-backend/internal/user/user.go:58.16,61.3 2 0
github.com/SahilMahale/notes-backend/internal/user/user.go:62.2,64.3 1 0
github.com/SahilMahale/notes-backend/internal/user/user.go:67.83,71.2 1 0
github.com/SahilMahale/notes-backend/internal/user/user.go:73.75,77.22 4 0
github.com/SahilMahale/notes-backend/internal/user/user.go:77.22,80.3 2 0
github.com/SahilMahale/notes-backend/internal/user/user.go:81.2,81.29 1 0
github.com/SahilMahale/notes-backend/internal/user/user.go:81.29,83.3 1 0
github.com/SahilMahale/notes-backend/internal/user/user.go:84.2,86.3 1 0
github.com/SahilMahale/notes-backend/internal/db/db.go:14.46,16.16 2 0
github.com/SahilMahale/notes-backend/internal/db/db.go:16.16,18.3 1 0
github.com/SahilMahale/notes-backend/internal/db/db.go:19.2,21.34 3 0
github.com/SahilMahale/notes-backend/internal/helper/helper.go:18.89,22.2 3 0
github.com/SahilMahale/notes-backend/internal/helper/helper.go:24.82,27.2 2 0
github.com/SahilMahale/notes-backend/internal/helper/helper.go:29.41,30.43 1 0
github.com/SahilMahale/notes-backend/internal/helper/helper.go:30.43,35.3 1 0
github.com/SahilMahale/notes-backend/internal/helper/helper.go:35.8,35.51 1 0
github.com/SahilMahale/notes-backend/internal/helper/helper.go:35.51,40.3 1 0
github.com/SahilMahale/notes-backend/internal/helper/helper.go:40.8,40.61 1 0
github.com/SahilMahale/notes-backend/internal/helper/helper.go:40.61,41.63 1 0
github.com/SahilMahale/notes-backend/internal/helper/helper.go:41.63,46.4 1 0
github.com/SahilMahale/notes-backend/internal/helper/helper.go:47.3,50.4 1 0
github.com/SahilMahale/notes-backend/internal/helper/helper.go:51.8,51.64 1 0
github.com/SahilMahale/notes-backend/internal/helper/helper.go:51.64,56.3 1 0
github.com/SahilMahale/notes-backend/internal/helper/helper.go:56.8,56.57 1 0
github.com/SahilMahale/notes-backend/internal/helper/helper.go:56.57,61.3 1 0
github.com/SahilMahale/notes-backend/internal/helper/helper.go:61.8,66.3 1 0
github.com/SahilMahale/notes-backend/internal/notes/notes.go:22.60,26.2 1 0
github.com/SahilMahale/notes-backend/internal/notes/notes.go:28.87,36.61 3 0
github.com/SahilMahale/notes-backend/internal/notes/notes.go:36.61,38.3 1 0
github.com/SahilMahale/notes-backend/internal/notes/notes.go:39.2,41.3 1 0
github.com/SahilMahale/notes-backend/internal/notes/notes.go:44.80,49.22 4 0
github.com/SahilMahale/notes-backend/internal/notes/notes.go:49.22,52.3 2 0
github.com/SahilMahale/notes-backend/internal/notes/notes.go:53.2,53.29 1 0
github.com/SahilMahale/notes-backend/internal/notes/notes.go:53.29,59.3 1 0
github.com/SahilMahale/notes-backend/internal/notes/notes.go:60.2,62.3 1 0
github.com/SahilMahale/notes-backend/internal/notes/notes.go:64.72,69.22 3 0
github.com/SahilMahale/notes-backend/internal/notes/notes.go:69.22,71.3 1 0
github.com/SahilMahale/notes-backend/internal/notes/notes.go:73.2,74.22 2 0
github.com/SahilMahale/notes-backend/internal/notes/notes.go:74.22,76.3 1 0
github.com/SahilMahale/notes-backend/internal/notes/notes.go:77.2,79.3 1 0
github.com/SahilMahale/notes-backend/internal/notes/notes.go:82.126,84.22 2 0
github.com/SahilMahale/notes-backend/internal/notes/notes.go:84.22,86.3 1 0
github.com/SahilMahale/notes-backend/internal/notes/notes.go:87.2,93.4 1 0
github.com/SahilMahale/notes-backend/internal/notes/notes.go:95.88,100.22 3 0
github.com/SahilMahale/notes-backend/internal/notes/notes.go:100.22,102.3 1 0
github.com/SahilMahale/notes-backend/internal/notes/notes.go:103.2,109.4 1 0
github.com/SahilMahale/notes-backend/internal/db/db.go:14.46,16.16 2 0
github.com/SahilMahale/notes-backend/internal/db/db.go:16.16,18.3 1 0
github.com/SahilMahale/notes-backend/internal/db/db.go:19.2,21.34 3 0
github.com/SahilMahale/notes-backend/internal/helper/helper.go:18.89,22.2 3 0
github.com/SahilMahale/notes-backend/internal/helper/helper.go:24.82,27.2 2 0
github.com/SahilMahale/notes-backend/internal/helper/helper.go:29.41,30.43 1 0
github.com/SahilMahale/notes-backend/internal/helper/helper.go:30.43,35.3 1 0
github.com/SahilMahale/notes-backend/internal/helper/helper.go:35.8,35.51 1 0
github.com/SahilMahale/notes-backend/internal/helper/helper.go:35.51,40.3 1 0
github.com/SahilMahale/notes-backend/internal/helper/helper.go:40.8,40.61 1 0
github.com/SahilMahale/notes-backend/internal/helper/helper.go:40.61,41.63 1 0
github.com/SahilMahale/notes-backend/internal/helper/helper.go:41.63,46.4 1 0
github.com/SahilMahale/notes-backend/internal/helper/helper.go:47.3,50.4 1 0
github.com/SahilMahale/notes-backend/internal/helper/helper.go:51.8,51.64 1 0
github.com/SahilMahale/notes-backend/internal/helper/helper.go:51.64,56.3 1 0
github.com/SahilMahale/notes-backend/internal/helper/helper.go:56.8,56.57 1 0
github.com/SahilMahale/notes-backend/internal/helper/helper.go:56.57,61.3 1 0
github.com/SahilMahale/notes-backend/internal/helper/helper.go:61.8,66.3 1 0
github.com/SahilMahale/notes-backend/internal/mocks/NotesOps.go:18.89,21.19 2 1
github.com/SahilMahale/notes-backend/internal/mocks/NotesOps.go:21.19,22.52 1 0
github.com/SahilMahale/notes-backend/internal/mocks/NotesOps.go:25.2,27.83 3 1
github.com/SahilMahale/notes-backend/internal/mocks/NotesOps.go:27.83,29.3 1 0
github.com/SahilMahale/notes-backend/internal/mocks/NotesOps.go:30.2,30.60 1 1
github.com/SahilMahale/notes-backend/internal/mocks/NotesOps.go:30.60,32.3 1 0
github.com/SahilMahale/notes-backend/internal/mocks/NotesOps.go:32.8,34.3 1 1
github.com/SahilMahale/notes-backend/internal/mocks/NotesOps.go:36.2,36.73 1 1
github.com/SahilMahale/notes-backend/internal/mocks/NotesOps.go:36.73,38.3 1 0
github.com/SahilMahale/notes-backend/internal/mocks/NotesOps.go:38.8,40.3 1 1
github.com/SahilMahale/notes-backend/internal/mocks/NotesOps.go:42.2,42.15 1 1
github.com/SahilMahale/notes-backend/internal/mocks/NotesOps.go:46.67,49.19 2 1
github.com/SahilMahale/notes-backend/internal/mocks/NotesOps.go:49.19,50.52 1 0
github.com/SahilMahale/notes-backend/internal/mocks/NotesOps.go:53.2,54.65 2 1
github.com/SahilMahale/notes-backend/internal/mocks/NotesOps.go:54.65,56.3 1 0
github.com/SahilMahale/notes-backend/internal/mocks/NotesOps.go:56.8,58.3 1 1
github.com/SahilMahale/notes-backend/internal/mocks/NotesOps.go:60.2,60.11 1 1
github.com/SahilMahale/notes-backend/internal/mocks/NotesOps.go:64.75,67.19 2 1
github.com/SahilMahale/notes-backend/internal/mocks/NotesOps.go:67.19,68.53 1 0
github.com/SahilMahale/notes-backend/internal/mocks/NotesOps.go:71.2,73.79 3 1
github.com/SahilMahale/notes-backend/internal/mocks/NotesOps.go:73.79,75.3 1 0
github.com/SahilMahale/notes-backend/internal/mocks/NotesOps.go:76.2,76.56 1 1
github.com/SahilMahale/notes-backend/internal/mocks/NotesOps.go:76.56,78.3 1 0
github.com/SahilMahale/notes-backend/internal/mocks/NotesOps.go:78.8,79.24 1 1
github.com/SahilMahale/notes-backend/internal/mocks/NotesOps.go:79.24,81.4 1 1
github.com/SahilMahale/notes-backend/internal/mocks/NotesOps.go:84.2,84.59 1 1
github.com/SahilMahale/notes-backend/internal/mocks/NotesOps.go:84.59,86.3 1 0
github.com/SahilMahale/notes-backend/internal/mocks/NotesOps.go:86.8,88.3 1 1
github.com/SahilMahale/notes-backend/internal/mocks/NotesOps.go:90.2,90.15 1 1
github.com/SahilMahale/notes-backend/internal/mocks/NotesOps.go:94.83,97.19 2 0
github.com/SahilMahale/notes-backend/internal/mocks/NotesOps.go:97.19,98.49 1 0
github.com/SahilMahale/notes-backend/internal/mocks/NotesOps.go:101.2,103.84 3 0
github.com/SahilMahale/notes-backend/internal/mocks/NotesOps.go:103.84,105.3 1 0
github.com/SahilMahale/notes-backend/internal/mocks/NotesOps.go:106.2,106.61 1 0
github.com/SahilMahale/notes-backend/internal/mocks/NotesOps.go:106.61,108.3 1 0
github.com/SahilMahale/notes-backend/internal/mocks/NotesOps.go:108.8,110.3 1 0
github.com/SahilMahale/notes-backend/internal/mocks/NotesOps.go:112.2,112.65 1 0
github.com/SahilMahale/notes-backend/internal/mocks/NotesOps.go:112.65,114.3 1 0
github.com/SahilMahale/notes-backend/internal/mocks/NotesOps.go:114.8,116.3 1 0
github.com/SahilMahale/notes-backend/internal/mocks/NotesOps.go:118.2,118.15 1 0
github.com/SahilMahale/notes-backend/internal/mocks/NotesOps.go:122.117,125.19 2 1
github.com/SahilMahale/notes-backend/internal/mocks/NotesOps.go:125.19,126.52 1 0
github.com/SahilMahale/notes-backend/internal/mocks/NotesOps.go:129.2,131.114 3 1
github.com/SahilMahale/notes-backend/internal/mocks/NotesOps.go:131.114,133.3 1 0
github.com/SahilMahale/notes-backend/internal/mocks/NotesOps.go:134.2,134.91 1 1
github.com/SahilMahale/notes-backend/internal/mocks/NotesOps.go:134.91,136.3 1 0
github.com/SahilMahale/notes-backend/internal/mocks/NotesOps.go:136.8,138.3 1 1
github.com/SahilMahale/notes-backend/internal/mocks/NotesOps.go:140.2,140.90 1 1
github.com/SahilMahale/notes-backend/internal/mocks/NotesOps.go:140.90,142.3 1 0
github.com/SahilMahale/notes-backend/internal/mocks/NotesOps.go:142.8,144.3 1 1
github.com/SahilMahale/notes-backend/internal/mocks/NotesOps.go:146.2,146.15 1 1
github.com/SahilMahale/notes-backend/internal/mocks/NotesOps.go:154.14,158.19 3 1
github.com/SahilMahale/notes-backend/internal/mocks/NotesOps.go:158.19,158.49 1 1
github.com/SahilMahale/notes-backend/internal/mocks/NotesOps.go:160.2,160.13 1 1
github.com/SahilMahale/notes-backend/internal/mocks/UserOps.go:16.95,19.19 2 1
github.com/SahilMahale/notes-backend/internal/mocks/UserOps.go:19.19,20.52 1 0
github.com/SahilMahale/notes-backend/internal/mocks/UserOps.go:23.2,24.81 2 1
github.com/SahilMahale/notes-backend/internal/mocks/UserOps.go:24.81,26.3 1 0
github.com/SahilMahale/notes-backend/internal/mocks/UserOps.go:26.8,28.3 1 1
github.com/SahilMahale/notes-backend/internal/mocks/UserOps.go:30.2,30.11 1 1
github.com/SahilMahale/notes-backend/internal/mocks/UserOps.go:34.81,37.19 2 0
github.com/SahilMahale/notes-backend/internal/mocks/UserOps.go:37.19,38.52 1 0
github.com/SahilMahale/notes-backend/internal/mocks/UserOps.go:41.2,42.73 2 0
github.com/SahilMahale/notes-backend/internal/mocks/UserOps.go:42.73,44.3 1 0
github.com/SahilMahale/notes-backend/internal/mocks/UserOps.go:44.8,46.3 1 0
github.com/SahilMahale/notes-backend/internal/mocks/UserOps.go:48.2,48.11 1 0
github.com/SahilMahale/notes-backend/internal/mocks/UserOps.go:52.66,55.19 2 0
github.com/SahilMahale/notes-backend/internal/mocks/UserOps.go:55.19,56.53 1 0
github.com/SahilMahale/notes-backend/internal/mocks/UserOps.go:59.2,61.71 3 0
github.com/SahilMahale/notes-backend/internal/mocks/UserOps.go:61.71,63.3 1 0
github.com/SahilMahale/notes-backend/internal/mocks/UserOps.go:64.2,64.48 1 0
github.com/SahilMahale/notes-backend/internal/mocks/UserOps.go:64.48,66.3 1 0
github.com/SahilMahale/notes-backend/internal/mocks/UserOps.go:66.8,67.24 1 0
github.com/SahilMahale/notes-backend/internal/mocks/UserOps.go:67.24,69.4 1 0
github.com/SahilMahale/notes-backend/internal/mocks/UserOps.go:72.2,72.59 1 0
github.com/SahilMahale/notes-backend/internal/mocks/UserOps.go:72.59,74.3 1 0
github.com/SahilMahale/notes-backend/internal/mocks/UserOps.go:74.8,76.3 1 0
github.com/SahilMahale/notes-backend/internal/mocks/UserOps.go:78.2,78.15 1 0
github.com/SahilMahale/notes-backend/internal/mocks/UserOps.go:82.88,85.19 2 0
github.com/SahilMahale/notes-backend/internal/mocks/UserOps.go:85.19,86.51 1 0
github.com/SahilMahale/notes-backend/internal/mocks/UserOps.go:89.2,91.81 3 0
github.com/SahilMahale/notes-backend/internal/mocks/UserOps.go:91.81,93.3 1 0
github.com/SahilMahale/notes-backend/internal/mocks/UserOps.go:94.2,94.58 1 0
github.com/SahilMahale/notes-backend/internal/mocks/UserOps.go:94.58,96.3 1 0
github.com/SahilMahale/notes-backend/internal/mocks/UserOps.go:96.8,98.3 1 0
github.com/SahilMahale/notes-backend/internal/mocks/UserOps.go:100.2,100.73 1 0
github.com/SahilMahale/notes-backend/internal/mocks/UserOps.go:100.73,102.3 1 0
github.com/SahilMahale/notes-backend/internal/mocks/UserOps.go:102.8,104.3 1 0
github.com/SahilMahale/notes-backend/internal/mocks/UserOps.go:106.2,106.15 1 0
github.com/SahilMahale/notes-backend/internal/mocks/UserOps.go:114.13,118.19 3 1
github.com/SahilMahale/notes-backend/internal/mocks/UserOps.go:118.19,118.49 1 1
github.com/SahilMahale/notes-backend/internal/mocks/UserOps.go:120.2,120.13 1 1
github.com/SahilMahale/notes-backend/internal/user/user.go:23.63,27.2 1 0
github.com/SahilMahale/notes-backend/internal/user/user.go:29.90,32.16 3 0
github.com/SahilMahale/notes-backend/internal/user/user.go:32.16,37.3 1 0
github.com/SahilMahale/notes-backend/internal/user/user.go:38.2,40.61 2 0
github.com/SahilMahale/notes-backend/internal/user/user.go:40.61,43.3 2 0
github.com/SahilMahale/notes-backend/internal/user/user.go:44.2,46.3 1 0
github.com/SahilMahale/notes-backend/internal/user/user.go:49.90,53.22 3 0
github.com/SahilMahale/notes-backend/internal/user/user.go:53.22,56.3 2 0
github.com/SahilMahale/notes-backend/internal/user/user.go:57.2,58.16 2 0
github.com/SahilMahale/notes-backend/internal/user/user.go:58.16,61.3 2 0
github.com/SahilMahale/notes-backend/internal/user/user.go:62.2,64.3 1 0
github.com/SahilMahale/notes-backend/internal/user/user.go:67.83,71.2 1 0
github.com/SahilMahale/notes-backend/internal/user/user.go:73.75,77.22 4 0
github.com/SahilMahale/notes-backend/internal/user/user.go:77.22,80.3 2 0
github.com/SahilMahale/notes-backend/internal/user/user.go:81.2,81.29 1 0
github.com/SahilMahale/notes-backend/internal/user/user.go:81.29,83.3 1 0
github.com/SahilMahale/notes-backend/internal/user/user.go:84.2,86.3 1 0
github.com/SahilMahale/notes-backend/server/server.go:46.104,57.2 1 1
github.com/SahilMahale/notes-backend/server/server.go:59.41,71.2 4 0
github.com/SahilMahale/notes-backend/server/server.go:73.35,75.63 2 0
github.com/SahilMahale/notes-backend/server/server.go:75.63,78.3 1 0
github.com/SahilMahale/notes-backend/server/server.go:79.2,82.16 4 0
github.com/SahilMahale/notes-backend/server/server.go:82.16,83.13 1 0
github.com/SahilMahale/notes-backend/server/server.go:85.2,86.16 2 0
github.com/SahilMahale/notes-backend/server/server.go:86.16,87.13 1 0
github.com/SahilMahale/notes-backend/server/server.go:89.2,95.5 1 0
github.com/SahilMahale/notes-backend/server/server.go:98.53,100.20 2 1
github.com/SahilMahale/notes-backend/server/server.go:100.20,102.3 1 1
github.com/SahilMahale/notes-backend/server/server.go:103.2,103.49 1 1
github.com/SahilMahale/notes-backend/server/server.go:106.56,108.47 2 0
github.com/SahilMahale/notes-backend/server/server.go:108.47,110.3 1 0
github.com/SahilMahale/notes-backend/server/server.go:111.2,112.20 2 0
github.com/SahilMahale/notes-backend/server/server.go:112.20,114.3 1 0
github.com/SahilMahale/notes-backend/server/server.go:115.2,115.44 1 0
github.com/SahilMahale/notes-backend/server/server.go:118.55,120.47 2 1
github.com/SahilMahale/notes-backend/server/server.go:120.47,122.3 1 0
github.com/SahilMahale/notes-backend/server/server.go:123.2,124.20 2 1
github.com/SahilMahale/notes-backend/server/server.go:124.20,126.3 1 1
github.com/SahilMahale/notes-backend/server/server.go:127.2,127.117 1 1
github.com/SahilMahale/notes-backend/server/server.go:130.55,133.43 2 1
github.com/SahilMahale/notes-backend/server/server.go:133.43,135.3 1 0
github.com/SahilMahale/notes-backend/server/server.go:136.2,137.20 2 1
github.com/SahilMahale/notes-backend/server/server.go:137.20,139.3 1 1
github.com/SahilMahale/notes-backend/server/server.go:141.2,146.54 2 1
github.com/SahilMahale/notes-backend/server/server.go:149.55,151.47 2 1
github.com/SahilMahale/notes-backend/server/server.go:151.47,153.3 1 0
github.com/SahilMahale/notes-backend/server/server.go:155.2,157.43 2 1
github.com/SahilMahale/notes-backend/server/server.go:157.43,159.3 1 0
github.com/SahilMahale/notes-backend/server/server.go:160.2,161.20 2 1
github.com/SahilMahale/notes-backend/server/server.go:161.20,163.3 1 1
github.com/SahilMahale/notes-backend/server/server.go:164.2,164.54 1 1
github.com/SahilMahale/notes-backend/server/server.go:167.55,170.40 2 1
github.com/SahilMahale/notes-backend/server/server.go:170.40,172.3 1 0
github.com/SahilMahale/notes-backend/server/server.go:174.2,175.21 2 1
github.com/SahilMahale/notes-backend/server/server.go:175.21,177.3 1 1
github.com/SahilMahale/notes-backend/server/server.go:179.2,179.42 1 1
github.com/SahilMahale/notes-backend/server/server.go:182.54,184.40 2 0
github.com/SahilMahale/notes-backend/server/server.go:184.40,186.3 1 0
github.com/SahilMahale/notes-backend/server/server.go:188.2,189.20 2 0
github.com/SahilMahale/notes-backend/server/server.go:189.20,191.3 1 0
github.com/SahilMahale/notes-backend/server/server.go:194.2,196.17 2 0
github.com/SahilMahale/notes-backend/server/server.go:196.17,198.3 1 0
github.com/SahilMahale/notes-backend/server/server.go:200.2,200.77 1 0
github.com/SahilMahale/notes-backend/server/server.go:203.44,210.42 5 0
github.com/SahilMahale/notes-backend/server/server.go:210.42,212.3 1 0
github.com/SahilMahale/notes-backend/server/server.go:213.2,224.16 9 0
github.com/SahilMahale/notes-backend/server/server.go:224.16,227.3 2 0
github.com/SahilMahale/notes-backend/server/utils.go:16.40,18.2 1 0
github.com/SahilMahale/notes-backend/server/utils.go:25.44,28.16 2 0
github.com/SahilMahale/notes-backend/server/utils.go:28.16,30.3 1 0
github.com/SahilMahale/notes-backend/server/utils.go:31.2,37.16 6 0
github.com/SahilMahale/notes-backend/server/utils.go:37.16,39.3 1 0
github.com/SahilMahale/notes-backend/server/utils.go:40.2,43.17 3 0
github.com/SahilMahale/notes-backend/server/utils.go:43.17,45.3 1 0
github.com/SahilMahale/notes-backend/server/utils.go:46.2,47.9 2 0
github.com/SahilMahale/notes-backend/server/utils.go:47.9,48.33 1 0
github.com/SahilMahale/notes-backend/server/utils.go:50.2,51.12 2 0
github.com/SahilMahale/notes-backend/server/utils.go:54.43,57.16 2 0
github.com/SahilMahale/notes-backend/server/utils.go:57.16,59.3 1 0
github.com/SahilMahale/notes-backend/server/utils.go:60.2,66.16 6 0
github.com/SahilMahale/notes-backend/server/utils.go:66.16,68.3 1 0
github.com/SahilMahale/notes-backend/server/utils.go:69.2,72.17 3 0
github.com/SahilMahale/notes-backend/server/utils.go:72.17,74.3 1 0
github.com/SahilMahale/notes-backend/server/utils.go:75.2,76.9 2 0
github.com/SahilMahale/notes-backend/server/utils.go:76.9,77.33 1 0
github.com/SahilMahale/notes-backend/server/utils.go:79.2,80.12 2 0
github.com/SahilMahale/notes-backend/server/utils.go:83.69,102.17 4 0
github.com/SahilMahale/notes-backend/server/utils.go:102.17,105.3 2 0
github.com/SahilMahale/notes-backend/server/utils.go:106.2,106.19 1 0
github.com/SahilMahale/notes-backend/server/utils.go:109.77,111.86 2 0
github.com/SahilMahale/notes-backend/server/utils.go:111.86,113.3 1 0
github.com/SahilMahale/notes-backend/server/utils.go:114.2,114.16 1 0
github.com/SahilMahale/notes-backend/server/utils.go:114.16,116.3 1 0
github.com/SahilMahale/notes-backend/server/utils.go:117.2,117.20 1 0
